<?xml version="1.0" encoding="UTF-8"?>
<!-- Generated by org.testng.reporters.JUnitReportReporter -->
<testsuite hostname="HDC3-D-514SLSM" failures="0" tests="1" name="digitalFrontDoor.TestDigitalFrontDoor" time="32.247" errors="0" timestamp="4 Apr 2018 14:30:46 GMT">
  <testcase classname="digitalFrontDoor.TestDigitalFrontDoor" name="testSARequest" time="32.247"/>
</testsuite> <!-- digitalFrontDoor.TestDigitalFrontDoor -->
