<?xml version="1.0" encoding="UTF-8"?>
<!-- Generated by org.testng.reporters.JUnitReportReporter -->
<testsuite hostname="HDC3-D-514SLSM" failures="0" tests="1" name="digitalFrontDoor.Test123" time="0.118" errors="0" timestamp="4 Apr 2018 14:07:14 GMT">
  <testcase classname="digitalFrontDoor.Test123" name="addDays" time="0.118"/>
</testsuite> <!-- digitalFrontDoor.Test123 -->
